<?xml version="1.0" encoding="UTF-8"?>
<testsuite xmlns:xsi="http://www.w3.org/2001/XMLSchema-instance" xsi:noNamespaceSchemaLocation="https://maven.apache.org/surefire/maven-surefire-plugin/xsd/surefire-test-report-3.0.xsd" version="3.0" name="com.runner.ChromeRunner" time="148.918" tests="5" errors="0" skipped="0" failures="0">
  <properties>
[...]
</properties>
  <testcase name="Launch the URL &amp; Do a Product search" classname="Automate the Flipkart application for the following scenarios" time="66.868">
    <system-out><![CDATA[
Scenario: Launch the URL & Do a Product search         # src/test/resources/com/features/flipkart.feature:2
Scenario: Launch the URL & Do a Product search
  Given user enter into the flipkart Homepage          # com.stepDef.ProductSearchStepDef.user_enter_into_the_flipkart_homepage()
  When user clicks the mobile category                 # com.stepDef.ProductSearchStepDef.user_clicks_the_mobile_category()
  And clicks the realme mobile from electronics menu   # com.stepDef.ProductSearchStepDef.clicks_the_realme_mobile_from_electronics_menu()
  Then user is navigated to list of realme mobile page # com.stepDef.ProductSearchStepDef.user_is_navigated_to_list_of_realme_mobile_page()
      Status: PASSED


]]></system-out>
    <system-err><![CDATA[SLF4J: Failed to load class "org.slf4j.impl.StaticLoggerBinder".
SLF4J: Defaulting to no-operation (NOP) logger implementation
SLF4J: See http://www.slf4j.org/codes.html#StaticLoggerBinder for further details.
Starting ChromeDriver 105.0.5195.52 (412c95e518836d8a7d97250d62b29c2ae6a26a85-refs/branch-heads/5195@{#853}) on port 11714
Only local connections are allowed.
Please see https://chromedriver.chromium.org/security-considerations for suggestions on keeping ChromeDriver safe.
ChromeDriver was started successfully.
Sep 30, 2022 4:29:16 PM org.openqa.selenium.remote.ProtocolHandshake createSession
INFO: Detected dialect: W3C
]]></system-err>
  </testcase>
  <testcase name="Select any product &amp; Add that to the cart" classname="Automate the Flipkart application for the following scenarios" time="18.634">
    <system-out><![CDATA[
Scenario: Select any product & Add that to the cart                    # src/test/resources/com/features/flipkart.feature:8
Scenario: Select any product & Add that to the cart
realme 9i (Prism Blue, 128 GB)
  When user clicks the any mobile from the list                        # com.stepDef.AddToCartStepDef.user_clicks_the_any_mobile_from_the_list()
realme 9i (Prism Blue, 128 GB)
  And user should get the same product to be displayed that he clicked # com.stepDef.AddToCartStepDef.user_should_get_the_same_product_to_be_displayed_that_he_clicked()
₹10,999
₹10,999
  Then user add that product to the cart                               # com.stepDef.AddToCartStepDef.user_add_that_product_to_the_cart()
      Status: PASSED


]]></system-out>
  </testcase>
  <testcase name="Place Order &amp; Login to the application" classname="Automate the Flipkart application for the following scenarios" time="27.338">
    <system-out><![CDATA[
Scenario: Place Order & Login to the application               # src/test/resources/com/features/flipkart.feature:13
Scenario: Place Order & Login to the application
  Given user clicks the place order button                     # com.stepDef.PlaceOrderAndLoginStepDef.user_clicks_the_place_order_button()
  And user enters the mobile no and clicks the continue button # com.stepDef.PlaceOrderAndLoginStepDef.user_enters_the_mobile_no_and_clicks_the_continue_button()
  Then user enters the password and login to application       # com.stepDef.PlaceOrderAndLoginStepDef.user_enters_the_password_and_login_to_application()
      Status: PASSED


]]></system-out>
  </testcase>
  <testcase name="Select Address &amp; Select Payment option" classname="Automate the Flipkart application for the following scenarios" time="22.057">
    <system-out><![CDATA[
Scenario: Select Address & Select Payment option     # src/test/resources/com/features/flipkart.feature:18
Scenario: Select Address & Select Payment option
  Given user selects the address                     # com.stepDef.AddressAndPaymentStepDef.user_selects_the_address()
  Then clicks the continue to payment button         # com.stepDef.AddressAndPaymentStepDef.clicks_the_continue_to_payment_button()
  And clicks the accept and continue button of popup # com.stepDef.AddressAndPaymentStepDef.clicks_the_accept_and_continue_button_of_popup()
  Then selects the card payment option               # com.stepDef.AddressAndPaymentStepDef.selects_the_card_payment_option()
      Status: PASSED


]]></system-out>
  </testcase>
  <testcase name="Remove the product from the cart" classname="Automate the Flipkart application for the following scenarios" time="0.666">
    <system-out><![CDATA[
Scenario: Remove the product from the cart               # src/test/resources/com/features/flipkart.feature:24
Scenario: Remove the product from the cart
  Given user clicks the change button from order summary # com.stepDef.RemoveProductFromCartStepDef.user_clicks_the_change_button_from_order_summary()
  Then clicks the remove option                          # com.stepDef.RemoveProductFromCartStepDef.clicks_the_remove_option()
      Status: PASSED


]]></system-out>
  </testcase>
</testsuite>